Find 280 scenes in the dataset folder
Skip training scene:  036bce3393
Skip training scene:  076c822ecc
Skip training scene:  079a326597
Skip training scene:  07f5b601ee
Skip training scene:  07ff1c45bb
Skip training scene:  08bbbdcc3d
Skip training scene:  09bced689e
Processing validation scene:  09c1414f1b
Skip training image:  DSC04432.JPG
Skip training image:  DSC04433.JPG
Adding image:  DSC04434.JPG
Skip training image:  DSC04435.JPG
Skip training image:  DSC04436.JPG
Skip training image:  DSC04437.JPG
Skip training image:  DSC04438.JPG
Adding image:  DSC04439.JPG
Skip training image:  DSC04440.JPG
Skip training image:  DSC04441.JPG
Skip training image:  DSC04442.JPG
Adding image:  DSC04443.JPG
Skip training image:  DSC04444.JPG
Skip training image:  DSC04445.JPG
Skip training image:  DSC04446.JPG
Skip training image:  DSC04447.JPG
Adding image:  DSC04448.JPG
Skip training image:  DSC04449.JPG
Skip training image:  DSC04450.JPG
Skip training image:  DSC04451.JPG
Adding image:  DSC04452.JPG
Skip training image:  DSC04453.JPG
Skip training image:  DSC04454.JPG
Skip training image:  DSC04455.JPG
Adding image:  DSC04456.JPG
Skip training image:  DSC04457.JPG
Skip training image:  DSC04458.JPG
Skip training image:  DSC04459.JPG
Adding image:  DSC04460.JPG
Skip training image:  DSC04461.JPG
Skip training image:  DSC04462.JPG
Skip training image:  DSC04463.JPG
Skip training image:  DSC04464.JPG
Adding image:  DSC04465.JPG
Skip training image:  DSC04466.JPG
Skip training image:  DSC04467.JPG
Skip training image:  DSC04468.JPG
Skip training image:  DSC04469.JPG
Adding image:  DSC04470.JPG
Skip training image:  DSC04471.JPG
Skip training image:  DSC04472.JPG
Skip training image:  DSC04473.JPG
Adding image:  DSC04474.JPG
Skip training image:  DSC04475.JPG
Skip training image:  DSC04476.JPG
Skip training image:  DSC04477.JPG
Adding image:  DSC04478.JPG
Skip training image:  DSC04479.JPG
Skip training image:  DSC04480.JPG
Skip training image:  DSC04481.JPG
Skip training image:  DSC04482.JPG
Adding image:  DSC04483.JPG
Skip training image:  DSC04484.JPG
Skip training image:  DSC04485.JPG
Skip training image:  DSC04486.JPG
Skip training image:  DSC04487.JPG
Adding image:  DSC04488.JPG
Skip training image:  DSC04489.JPG
Skip training image:  DSC04490.JPG
Skip training image:  DSC04491.JPG
Adding image:  DSC04492.JPG
Skip training image:  DSC04493.JPG
Skip training image:  DSC04494.JPG
Skip training image:  DSC04495.JPG
Skip training image:  DSC04496.JPG
Adding image:  DSC04497.JPG
Skip training image:  DSC04498.JPG
Skip training image:  DSC04499.JPG
Skip training image:  DSC04500.JPG
Adding image:  DSC04501.JPG
Skip training image:  DSC04502.JPG
Skip training image:  DSC04503.JPG
Skip training image:  DSC04504.JPG
Adding image:  DSC04505.JPG
Skip training image:  DSC04506.JPG
Skip training image:  DSC04507.JPG
Skip training image:  DSC04508.JPG
Skip training image:  DSC04509.JPG
Adding image:  DSC04510.JPG
Skip training image:  DSC04511.JPG
Skip training image:  DSC04512.JPG
Skip training image:  DSC04513.JPG
Adding image:  DSC04514.JPG
Skip training image:  DSC04515.JPG
Skip training image:  DSC04516.JPG
Skip training image:  DSC04517.JPG
Skip training image:  DSC04518.JPG
Adding image:  DSC04519.JPG
Skip training image:  DSC04520.JPG
Skip training image:  DSC04521.JPG
Skip training image:  DSC04522.JPG
Adding image:  DSC04523.JPG
Adding image:  DSC04524.JPG
Skip training image:  DSC04525.JPG
Skip training image:  DSC04526.JPG
Skip training image:  DSC04527.JPG
Skip training image:  DSC04528.JPG
Skip training image:  DSC04529.JPG
Skip training image:  DSC04530.JPG
Skip training image:  DSC04531.JPG
Skip training image:  DSC04532.JPG
Skip training image:  DSC04533.JPG
Skip training image:  DSC04534.JPG
Skip training image:  DSC04535.JPG
Adding image:  DSC04536.JPG
Adding image:  DSC04537.JPG
Skip training image:  DSC04538.JPG
Skip training image:  DSC04539.JPG
Skip training image:  DSC04540.JPG
Skip training image:  DSC04541.JPG
Skip training image:  DSC04542.JPG
Adding image:  DSC04543.JPG
Skip training image:  DSC04544.JPG
Skip training image:  DSC04545.JPG
Skip training image:  DSC04546.JPG
Skip training image:  DSC04547.JPG
Skip training image:  DSC04548.JPG
Skip training image:  DSC04549.JPG
Skip training image:  DSC04550.JPG
Skip training image:  DSC04551.JPG
Skip training image:  DSC04552.JPG
Adding image:  DSC04553.JPG
Adding image:  DSC04554.JPG
Skip training image:  DSC04555.JPG
Skip training image:  DSC04556.JPG
Skip training image:  DSC04557.JPG
Skip training image:  DSC04558.JPG
Skip training image:  DSC04559.JPG
Adding image:  DSC04560.JPG
Skip training image:  DSC04561.JPG
Skip training image:  DSC04562.JPG
Skip training image:  DSC04563.JPG
Skip training image:  DSC04564.JPG
Skip training image:  DSC04565.JPG
Adding image:  DSC04566.JPG
Skip training image:  DSC04567.JPG
Skip training image:  DSC04568.JPG
Skip training image:  DSC04569.JPG
Skip training image:  DSC04570.JPG
Adding image:  DSC04571.JPG
Skip training image:  DSC04572.JPG
Skip training image:  DSC04573.JPG
Skip training image:  DSC04574.JPG
Adding image:  DSC04575.JPG
Skip training image:  DSC04576.JPG
Skip training image:  DSC04577.JPG
Skip training image:  DSC04578.JPG
Adding image:  DSC04579.JPG
Skip training image:  DSC04580.JPG
Skip training image:  DSC04581.JPG
Skip training image:  DSC04582.JPG
Skip training image:  DSC04583.JPG
Adding image:  DSC04584.JPG
Skip training image:  DSC04585.JPG
Skip training image:  DSC04586.JPG
Skip training image:  DSC04587.JPG
Adding image:  DSC04588.JPG
Skip training image:  DSC04589.JPG
Skip training image:  DSC04590.JPG
Skip training image:  DSC04591.JPG
Skip training image:  DSC04592.JPG
Adding image:  DSC04593.JPG
Skip training image:  DSC04594.JPG
Skip training image:  DSC04595.JPG
Skip training image:  DSC04596.JPG
Adding image:  DSC04597.JPG
Skip training image:  DSC04598.JPG
Skip training image:  DSC04599.JPG
Skip training image:  DSC04600.JPG
Skip training image:  DSC04601.JPG
Adding image:  DSC04602.JPG
Skip training image:  DSC04603.JPG
Skip training image:  DSC04604.JPG
Skip training image:  DSC04605.JPG
Adding image:  DSC04606.JPG
Skip training image:  DSC04607.JPG
Skip training image:  DSC04608.JPG
Skip training image:  DSC04609.JPG
Skip training image:  DSC04610.JPG
Adding image:  DSC04611.JPG
Skip training image:  DSC04612.JPG
Skip training image:  DSC04613.JPG
Skip training image:  DSC04614.JPG
Adding image:  DSC04615.JPG
Skip training image:  DSC04616.JPG
Skip training image:  DSC04617.JPG
Skip training image:  DSC04618.JPG
Skip training image:  DSC04619.JPG
Adding image:  DSC04620.JPG
Skip training image:  DSC04621.JPG
Skip training image:  DSC04622.JPG
Skip training image:  DSC04623.JPG
Adding image:  DSC04624.JPG
Skip training image:  DSC04625.JPG
Skip training image:  DSC04626.JPG
Skip training image:  DSC04627.JPG
Skip training image:  DSC04628.JPG
Adding image:  DSC04629.JPG
Skip training image:  DSC04630.JPG
Skip training image:  DSC04631.JPG
Skip training image:  DSC04632.JPG
Adding image:  DSC04633.JPG
Skip training image:  DSC04634.JPG
Skip training image:  DSC04635.JPG
Skip training image:  DSC04636.JPG
Adding image:  DSC04637.JPG
Skip training image:  DSC04638.JPG
Skip training image:  DSC04639.JPG
Skip training image:  DSC04640.JPG
Skip training image:  DSC04641.JPG
Adding image:  DSC04642.JPG
Skip training image:  DSC04643.JPG
Skip training image:  DSC04644.JPG
Skip training image:  DSC04645.JPG
Adding image:  DSC04646.JPG
Skip training image:  DSC04647.JPG
Skip training image:  DSC04648.JPG
Skip training image:  DSC04649.JPG
Skip training image:  DSC04650.JPG
Adding image:  DSC04651.JPG
Skip training image:  DSC04652.JPG
Skip training image:  DSC04653.JPG
Skip training image:  DSC04654.JPG
Adding image:  DSC04655.JPG
Skip training image:  DSC04656.JPG
Skip training image:  DSC04657.JPG
Skip training image:  DSC04658.JPG
Skip training image:  DSC04659.JPG
Adding image:  DSC04660.JPG
Skip training image:  DSC04661.JPG
Skip training image:  DSC04662.JPG
Skip training image:  DSC04663.JPG
Adding image:  DSC04664.JPG
Skip training image:  DSC04665.JPG
Skip training image:  DSC04666.JPG
Skip training image:  DSC04667.JPG
Skip training image:  DSC04668.JPG
Adding image:  DSC04669.JPG
Skip training image:  DSC04670.JPG
Skip training image:  DSC04671.JPG
Skip training image:  DSC04672.JPG
Adding image:  DSC04673.JPG
Skip training image:  DSC04674.JPG
Skip training image:  DSC04675.JPG
Skip training image:  DSC04676.JPG
Skip training image:  DSC04677.JPG
Adding image:  DSC04678.JPG
Skip training image:  DSC04679.JPG
Skip training image:  DSC04680.JPG
Skip training image:  DSC04681.JPG
Adding image:  DSC04682.JPG
Skip training image:  DSC04683.JPG
Skip training image:  DSC04684.JPG
Skip training image:  DSC04685.JPG
Adding image:  DSC04686.JPG
Skip training image:  DSC04687.JPG
Skip training image:  DSC04688.JPG
Skip training image:  DSC04689.JPG
Skip training image:  DSC04690.JPG
Adding image:  DSC04691.JPG
Skip training image:  DSC04692.JPG
Skip training image:  DSC04693.JPG
Skip training image:  DSC04694.JPG
Adding image:  DSC04695.JPG
Skip training image:  DSC04696.JPG
Skip training image:  DSC04697.JPG
Skip training image:  DSC04698.JPG
Skip training image:  DSC04699.JPG
Adding image:  DSC04700.JPG
Skip training image:  DSC04701.JPG
Skip training image:  DSC04702.JPG
Skip training image:  DSC04703.JPG
Adding image:  DSC04704.JPG
Skip training image:  DSC04705.JPG
Skip training image:  DSC04706.JPG
Skip training image:  DSC04707.JPG
Skip training image:  DSC04708.JPG
Adding image:  DSC04709.JPG
Skip training image:  DSC04710.JPG
Skip training image:  DSC04711.JPG
Skip training image:  DSC04712.JPG
Adding image:  DSC04713.JPG
Skip training image:  DSC04714.JPG
Skip training image:  DSC04715.JPG
Skip training image:  DSC04716.JPG
Skip training image:  DSC04717.JPG
Adding image:  DSC04718.JPG
Skip training image:  DSC04719.JPG
Skip training image:  DSC04720.JPG
Skip training image:  DSC04721.JPG
Adding image:  DSC04722.JPG
Skip training image:  DSC04723.JPG
Skip training image:  DSC04724.JPG
Skip training image:  DSC04725.JPG
Skip training image:  DSC04726.JPG
Adding image:  DSC04727.JPG
Skip training image:  DSC04728.JPG
Skip training image:  DSC04729.JPG
Skip training image:  DSC04730.JPG
Adding image:  DSC04731.JPG
Skip training image:  DSC04732.JPG
Skip training image:  DSC04733.JPG
Skip training image:  DSC04734.JPG
Skip training image:  DSC04735.JPG
Adding image:  DSC04736.JPG
Skip training image:  DSC04737.JPG
Skip training image:  DSC04738.JPG
Skip training image:  DSC04739.JPG
Adding image:  DSC04740.JPG
Skip training image:  DSC04741.JPG
Skip training image:  DSC04742.JPG
Skip training image:  DSC04743.JPG
Adding image:  DSC04744.JPG
Skip training image:  DSC04745.JPG
Skip training image:  DSC04746.JPG
Skip training image:  DSC04747.JPG
Skip training image:  DSC04748.JPG
Adding image:  DSC04749.JPG
Skip training image:  DSC04750.JPG
Skip training image:  DSC04751.JPG
Skip training image:  DSC04752.JPG
Adding image:  DSC04753.JPG
Skip training image:  DSC04754.JPG
Skip training image:  DSC04755.JPG
Skip training image:  DSC04756.JPG
Skip training image:  DSC04757.JPG
Adding image:  DSC04758.JPG
Skip training image:  DSC04759.JPG
Skip training image:  DSC04760.JPG
Skip training image:  DSC04761.JPG
Adding image:  DSC04762.JPG
Skip training image:  DSC04763.JPG
Skip training image:  DSC04764.JPG
Skip training image:  DSC04765.JPG
Skip training image:  DSC04766.JPG
Adding image:  DSC04767.JPG
Skip training image:  DSC04768.JPG
Skip training image:  DSC04769.JPG
Skip training image:  DSC04770.JPG
Adding image:  DSC04771.JPG
Skip training image:  DSC04772.JPG
Skip training image:  DSC04773.JPG
Skip training image:  DSC04774.JPG
Skip training image:  DSC04775.JPG
Adding image:  DSC04776.JPG
Skip training image:  DSC04777.JPG
Skip training image:  DSC04778.JPG
Skip training image:  DSC04779.JPG
Adding image:  DSC04780.JPG
Skip training image:  DSC04781.JPG
Skip training image:  DSC04782.JPG
Skip training image:  DSC04783.JPG
Skip training image:  DSC04784.JPG
Adding image:  DSC04785.JPG
Skip training image:  DSC04786.JPG
Skip training image:  DSC04787.JPG
Skip training image:  DSC04788.JPG
Adding image:  DSC04789.JPG
Skip training image:  DSC04790.JPG
Skip training image:  DSC04791.JPG
Skip training image:  DSC04792.JPG
Adding image:  DSC04793.JPG
Skip training image:  DSC04794.JPG
Skip training image:  DSC04795.JPG
Skip training image:  DSC04796.JPG
Skip training image:  DSC04797.JPG
Skip training image:  DSC04798.JPG
Adding image:  DSC04799.JPG
Skip training image:  DSC04800.JPG
Adding image:  DSC04801.JPG
Skip training image:  DSC04802.JPG
Skip training image:  DSC04803.JPG
Skip training image:  DSC04804.JPG
Skip training image:  DSC04805.JPG
Skip training image:  DSC04806.JPG
Skip training image:  DSC04807.JPG
Skip training image:  DSC04808.JPG
Skip training image:  DSC04809.JPG
Skip training image:  DSC04810.JPG
Skip training image:  DSC04811.JPG
Skip training image:  DSC04812.JPG
Skip training image:  DSC04813.JPG
Adding image:  DSC04814.JPG
Skip training image:  DSC04815.JPG
Adding image:  DSC04816.JPG
Adding image:  DSC04817.JPG
Adding image:  DSC04818.JPG
Skip training image:  DSC04819.JPG
Skip training image:  DSC04820.JPG
Skip training image:  DSC04821.JPG
Skip training image:  DSC04822.JPG
Skip training image:  DSC04823.JPG
Skip training image:  DSC04824.JPG
Skip training image:  DSC04825.JPG
Skip training image:  DSC04826.JPG
Skip training image:  DSC04827.JPG
Skip training image:  DSC04828.JPG
Adding image:  DSC04829.JPG
Adding image:  DSC04830.JPG
Adding image:  DSC04831.JPG
Skip training image:  DSC04832.JPG
Skip training image:  DSC04833.JPG
Skip training image:  DSC04834.JPG
Skip training image:  DSC04835.JPG
Skip training image:  DSC04836.JPG
Skip training image:  DSC04837.JPG
Skip training image:  DSC04838.JPG
Skip training image:  DSC04839.JPG
Adding image:  DSC04840.JPG
Adding image:  DSC04841.JPG
Skip training image:  DSC04842.JPG
Adding image:  DSC04843.JPG
Skip training image:  DSC04844.JPG
Skip training image:  DSC04845.JPG
Skip training image:  DSC04846.JPG
Skip training image:  DSC04847.JPG
Skip training image:  DSC04848.JPG
Skip training image:  DSC04849.JPG
Adding image:  DSC04850.JPG
Skip training image:  DSC04851.JPG
Skip training image:  DSC04852.JPG
Skip training image:  DSC04853.JPG
Skip training image:  DSC04854.JPG
Adding image:  DSC04855.JPG
Skip training image:  DSC04856.JPG
Skip training image:  DSC04857.JPG
Adding image:  DSC04858.JPG
Skip training image:  DSC04859.JPG
Skip training image:  DSC04860.JPG
Skip training image:  DSC04861.JPG
Skip training image:  DSC04862.JPG
Skip training image:  DSC04863.JPG
Adding image:  DSC04864.JPG
Skip training image:  DSC04865.JPG
Skip training image:  DSC04866.JPG
Skip training image:  DSC04867.JPG
Adding image:  DSC04868.JPG
Skip training image:  DSC04869.JPG
Skip training image:  DSC04870.JPG
Skip training image:  DSC04871.JPG
Skip training image:  DSC04872.JPG
Adding image:  DSC04873.JPG
Skip training image:  DSC04874.JPG
Skip training image:  DSC04875.JPG
Skip training image:  DSC04876.JPG
Adding image:  DSC04877.JPG
Skip training image:  DSC04878.JPG
Skip training image:  DSC04879.JPG
Skip training image:  DSC04880.JPG
Adding image:  DSC04881.JPG
Skip training image:  DSC04882.JPG
Skip training image:  DSC04883.JPG
Skip training image:  DSC04884.JPG
Skip training image:  DSC04885.JPG
Adding image:  DSC04886.JPG
Skip training image:  DSC04887.JPG
Skip training image:  DSC04888.JPG
Skip training image:  DSC04889.JPG
Adding image:  DSC04890.JPG
Skip training image:  DSC04891.JPG
Skip training image:  DSC04892.JPG
Skip training image:  DSC04893.JPG
Skip training image:  DSC04894.JPG
Adding image:  DSC04895.JPG
Skip training image:  DSC04896.JPG
Skip training image:  DSC04897.JPG
Skip training image:  DSC04898.JPG
Adding image:  DSC04899.JPG
Skip training image:  DSC04900.JPG
Skip training image:  DSC04901.JPG
Skip training image:  DSC04902.JPG
Skip training image:  DSC04903.JPG
Adding image:  DSC04904.JPG
Skip training image:  DSC04905.JPG
Skip training image:  DSC04906.JPG
Skip training image:  DSC04907.JPG
Adding image:  DSC04908.JPG
Skip training image:  DSC04909.JPG
Skip training image:  DSC04910.JPG
Skip training image:  DSC04911.JPG
Skip training image:  DSC04912.JPG
Adding image:  DSC04913.JPG
Skip training image:  DSC04914.JPG
Skip training image:  DSC04915.JPG
Skip training image:  DSC04916.JPG
Adding image:  DSC04917.JPG
Skip training image:  DSC04918.JPG
Skip training image:  DSC04919.JPG
Skip training image:  DSC04920.JPG
Skip training image:  DSC04921.JPG
Adding image:  DSC04922.JPG
Skip training image:  DSC04923.JPG
Skip training image:  DSC04924.JPG
Skip training image:  DSC04925.JPG
Adding image:  DSC04926.JPG
Skip training image:  DSC04927.JPG
Skip training image:  DSC04928.JPG
Skip training image:  DSC04929.JPG
Adding image:  DSC04930.JPG
Skip training image:  DSC04931.JPG
Skip training image:  DSC04932.JPG
Skip training image:  DSC04933.JPG
Skip training image:  DSC04934.JPG
Adding image:  DSC04935.JPG
Skip training image:  DSC04936.JPG
Skip training image:  DSC04937.JPG
Skip training image:  DSC04938.JPG
Adding image:  DSC04939.JPG
Skip training image:  DSC04940.JPG
Skip training image:  DSC04941.JPG
Skip training image:  DSC04942.JPG
Skip training image:  DSC04943.JPG
Adding image:  DSC04944.JPG
Skip training image:  DSC04945.JPG
Skip training image:  DSC04946.JPG
Skip training image:  DSC04947.JPG
Adding image:  DSC04948.JPG
Skip training image:  DSC04949.JPG
Skip training image:  DSC04950.JPG
Skip training image:  DSC04951.JPG
Skip training image:  DSC04952.JPG
Skip training image:  DSC04953.JPG
Adding image:  DSC04954.JPG
Skip training image:  DSC04955.JPG
Skip training image:  DSC04956.JPG
Adding image:  DSC04957.JPG
Skip training image:  DSC04958.JPG
Skip training image:  DSC04959.JPG
Skip training image:  DSC04960.JPG
Adding image:  DSC04961.JPG
Skip training image:  DSC04962.JPG
Skip training image:  DSC04963.JPG
Skip training image:  DSC04964.JPG
Skip training image:  DSC04965.JPG
Adding image:  DSC04966.JPG
Skip training image:  DSC04967.JPG
Skip training image:  DSC04968.JPG
Skip training image:  DSC04969.JPG
Skip training image:  DSC04970.JPG
Adding image:  DSC04971.JPG
Skip training image:  DSC04972.JPG
Skip training image:  DSC04973.JPG
Skip training image:  DSC04974.JPG
Adding image:  DSC04975.JPG
Skip training image:  DSC04976.JPG
Skip training image:  DSC04977.JPG
Skip training image:  DSC04978.JPG
Skip training image:  DSC04979.JPG
Adding image:  DSC04980.JPG
Skip training image:  DSC04981.JPG
Skip training image:  DSC04982.JPG
Skip training image:  DSC04983.JPG
Adding image:  DSC04984.JPG
Skip training image:  DSC04985.JPG
Skip training image:  DSC04986.JPG
Skip training image:  DSC04987.JPG
Adding image:  DSC04988.JPG
Skip training image:  DSC04989.JPG
Skip training image:  DSC04990.JPG
Skip training image:  DSC04991.JPG
Skip training image:  DSC04992.JPG
Adding image:  DSC04993.JPG
Skip training image:  DSC04994.JPG
Skip training image:  DSC04995.JPG
Skip training image:  DSC04996.JPG
Adding image:  DSC04997.JPG
Skip training image:  DSC04998.JPG
Skip training image:  DSC04999.JPG
Skip training image:  DSC05000.JPG
Skip training image:  DSC05001.JPG
Adding image:  DSC05002.JPG
Skip training image:  DSC05003.JPG
Skip training image:  DSC05004.JPG
Skip training image:  DSC05005.JPG
Adding image:  DSC05006.JPG
Skip training image:  DSC05007.JPG
Skip training image:  DSC05008.JPG
Skip training image:  DSC05009.JPG
Skip training image:  DSC05010.JPG
Adding image:  DSC05011.JPG
Skip training image:  DSC05012.JPG
Skip training image:  DSC05013.JPG
Skip training image:  DSC05014.JPG
Adding image:  DSC05015.JPG
Skip training image:  DSC05016.JPG
Skip training image:  DSC05017.JPG
Skip training image:  DSC05018.JPG
Skip training image:  DSC05019.JPG
Adding image:  DSC05020.JPG
Skip training image:  DSC05021.JPG
Skip training image:  DSC05022.JPG
Skip training image:  DSC05023.JPG
Adding image:  DSC05024.JPG
Skip training image:  DSC05025.JPG
Skip training image:  DSC05026.JPG
Skip training image:  DSC05027.JPG
Skip training image:  DSC05028.JPG
Adding image:  DSC05029.JPG
Skip training image:  DSC05030.JPG
Skip training image:  DSC05031.JPG
Skip training image:  DSC05032.JPG
Adding image:  DSC05033.JPG
Skip training image:  DSC05034.JPG
Skip training image:  DSC05035.JPG
Skip training image:  DSC05036.JPG
Skip training image:  DSC05037.JPG
Skip training image:  DSC05038.JPG
Skip training image:  DSC05039.JPG
Skip training image:  DSC05040.JPG
Skip training image:  DSC05041.JPG
Skip training image:  DSC05042.JPG
Skip training image:  DSC05043.JPG
Skip training image:  DSC05044.JPG
Skip training image:  DSC05045.JPG
Skip training image:  DSC05046.JPG
Skip training image:  DSC05047.JPG
Skip training image:  DSC05048.JPG
Skip training image:  DSC05049.JPG
Skip training image:  DSC05050.JPG
Skip training image:  DSC05051.JPG
Skip training image:  DSC05052.JPG
Skip training image:  DSC05053.JPG
Skip training image:  DSC05054.JPG
Skip training image:  DSC05055.JPG
Skip training image:  DSC05056.JPG
Skip training image:  DSC05057.JPG
Skip training image:  DSC05058.JPG
Skip training image:  DSC05059.JPG
Skip training image:  DSC05060.JPG
Skip training image:  DSC05061.JPG
Skip training image:  DSC05062.JPG
Skip training image:  DSC05063.JPG
Skip training image:  DSC05064.JPG
Adding image:  DSC05065.JPG
Skip training image:  DSC05066.JPG
Skip training image:  DSC05067.JPG
Skip training image:  DSC05068.JPG
Adding image:  DSC05069.JPG
Skip training image:  DSC05070.JPG
Skip training image:  DSC05071.JPG
Skip training image:  DSC05072.JPG
Skip training image:  DSC05073.JPG
Adding image:  DSC05074.JPG
Skip training image:  DSC05075.JPG
Skip training image:  DSC05076.JPG
Skip training image:  DSC05077.JPG
Adding image:  DSC05078.JPG
Skip training image:  DSC05079.JPG
Skip training image:  DSC05080.JPG
Skip training image:  DSC05081.JPG
Adding image:  DSC05082.JPG
Skip training image:  DSC05083.JPG
Skip training image:  DSC05084.JPG
Skip training image:  DSC05085.JPG
Skip training image:  DSC05086.JPG
Adding image:  DSC05087.JPG
Skip training image:  DSC05088.JPG
Skip training image:  DSC05089.JPG
Skip training image:  DSC05090.JPG
Adding image:  DSC05091.JPG
Skip training image:  DSC05092.JPG
Skip training image:  DSC05093.JPG
Skip training image:  DSC05094.JPG
Skip training image:  DSC05095.JPG
Adding image:  DSC05096.JPG
Skip training image:  DSC05097.JPG
Skip training image:  DSC05098.JPG
Skip training image:  DSC05099.JPG
Skip training image:  DSC05100.JPG
Adding image:  DSC05101.JPG
Skip training image:  DSC05102.JPG
Skip training image:  DSC05103.JPG
Skip training image:  DSC05104.JPG
Adding image:  DSC05105.JPG
Skip training image:  DSC05106.JPG
Skip training image:  DSC05107.JPG
Adding image:  DSC05108.JPG
Skip training image:  DSC05109.JPG
Skip training image:  DSC05110.JPG
Skip training image:  DSC05111.JPG
Skip training image:  DSC05112.JPG
Adding image:  DSC05113.JPG
Skip training image:  DSC05114.JPG
Skip training image:  DSC05115.JPG
Skip training image:  DSC05116.JPG
Skip training image:  DSC05117.JPG
Adding image:  DSC05118.JPG
Skip training image:  DSC05119.JPG
Skip training image:  DSC05120.JPG
Skip training image:  DSC05121.JPG
Adding image:  DSC05122.JPG
Skip training image:  DSC05123.JPG
Skip training image:  DSC05124.JPG
Skip training image:  DSC05125.JPG
Skip training image:  DSC05126.JPG
Adding image:  DSC05127.JPG
Skip training image:  DSC05128.JPG
Skip training image:  DSC05129.JPG
Skip training image:  DSC05130.JPG
Adding image:  DSC05131.JPG
Skip training image:  DSC05132.JPG
Skip training image:  DSC05133.JPG
Skip training image:  DSC05134.JPG
Skip training image:  DSC05135.JPG
Adding image:  DSC05136.JPG
Skip training image:  DSC05137.JPG
Skip training image:  DSC05138.JPG
Skip training image:  DSC05139.JPG
Adding image:  DSC05140.JPG
Skip training image:  DSC05141.JPG
Skip training image:  DSC05142.JPG
Skip training image:  DSC05143.JPG
Skip training image:  DSC05144.JPG
Adding image:  DSC05145.JPG
Skip training image:  DSC05146.JPG
Skip training image:  DSC05147.JPG
Skip training image:  DSC05148.JPG
Adding image:  DSC05149.JPG
Skip training image:  DSC05150.JPG
Skip training image:  DSC05151.JPG
Skip training image:  DSC05152.JPG
Skip training image:  DSC05153.JPG
Adding image:  DSC05154.JPG
Skip training image:  DSC05155.JPG
Skip training image:  DSC05156.JPG
Skip training image:  DSC05157.JPG
Adding image:  DSC05158.JPG
Skip training image:  DSC05159.JPG
Skip training image:  DSC05160.JPG
Skip training image:  DSC05161.JPG
Skip training image:  DSC05162.JPG
Adding image:  DSC05163.JPG
Skip training image:  DSC05164.JPG
Skip training image:  DSC05165.JPG
Skip training image:  DSC05166.JPG
Adding image:  DSC05167.JPG
Skip training image:  DSC05168.JPG
Skip training image:  DSC05169.JPG
Skip training image:  DSC05170.JPG
Adding image:  DSC05171.JPG
Skip training image:  DSC05172.JPG
Skip training image:  DSC05173.JPG
Skip training image:  DSC05174.JPG
Skip training image:  DSC05175.JPG
Adding image:  DSC05176.JPG
Skip training image:  DSC05177.JPG
Skip training image:  DSC05178.JPG
Skip training image:  DSC05179.JPG
Adding image:  DSC05180.JPG
Skip training image:  DSC05181.JPG
Skip training image:  DSC05182.JPG
Skip training image:  DSC05183.JPG
Skip training image:  DSC05184.JPG
Adding image:  DSC05185.JPG
Skip training image:  DSC05186.JPG
Skip training image:  DSC05187.JPG
Skip training image:  DSC05188.JPG
Adding image:  DSC05189.JPG
Skip training image:  DSC05190.JPG
Skip training image:  DSC05191.JPG
Skip training image:  DSC05192.JPG
Skip training image:  DSC05193.JPG
Adding image:  DSC05194.JPG
Skip training image:  DSC05195.JPG
Skip training image:  DSC05196.JPG
Skip training image:  DSC05197.JPG
Adding image:  DSC05198.JPG
Skip training image:  DSC05199.JPG
Skip training image:  DSC05200.JPG
Skip training image:  DSC05201.JPG
Skip training image:  DSC05202.JPG
Skip training image:  DSC05203.JPG
Adding image:  DSC05204.JPG
Skip training image:  DSC05205.JPG
Skip training image:  DSC05206.JPG
Adding image:  DSC05207.JPG
Skip training image:  DSC05208.JPG
Skip training image:  DSC05209.JPG
Skip training image:  DSC05210.JPG
Skip training image:  DSC05211.JPG
Adding image:  DSC05212.JPG
Skip training image:  DSC05213.JPG
Skip training image:  DSC05214.JPG
Skip training image:  DSC05215.JPG
Adding image:  DSC05216.JPG
Skip training image:  DSC05217.JPG
Skip training image:  DSC05218.JPG
Skip training image:  DSC05219.JPG
Adding image:  DSC05220.JPG
Skip training image:  DSC05221.JPG
Skip training image:  DSC05222.JPG
Skip training image:  DSC05223.JPG
Skip training image:  DSC05224.JPG
Adding image:  DSC05225.JPG
Skip training image:  DSC05226.JPG
Skip training image:  DSC05227.JPG
Adding image:  DSC05228.JPG
Skip training image:  DSC05229.JPG
Skip training image:  DSC05230.JPG
Skip training image:  DSC05231.JPG
Skip training image:  DSC05232.JPG
Skip training image:  DSC05233.JPG
Adding image:  DSC05234.JPG
Skip training image:  DSC05235.JPG
Skip training image:  DSC05236.JPG
Skip training image:  DSC05237.JPG
Skip training image:  DSC05238.JPG
Skip training image:  DSC05239.JPG
Skip training image:  DSC05240.JPG
Skip training image:  DSC05241.JPG
Skip training image:  DSC05242.JPG
Skip training image:  DSC05243.JPG
Skip training image:  DSC05244.JPG
Skip training image:  DSC05245.JPG
Skip training image:  DSC05246.JPG
Skip training image:  DSC05247.JPG
Skip training image:  DSC05248.JPG
Skip training image:  DSC05249.JPG
Skip training image:  DSC05250.JPG
Skip training image:  DSC05251.JPG
Skip training image:  DSC05252.JPG
Skip training image:  DSC05253.JPG
Skip training image:  DSC05254.JPG
Skip training image:  DSC05255.JPG
Skip training image:  DSC05256.JPG
Skip training image:  DSC05257.JPG
Skip training image:  DSC05258.JPG
Skip training image:  DSC05259.JPG
Skip training image:  DSC05260.JPG
Skip training image:  DSC05261.JPG
Skip training image:  DSC05262.JPG
Skip training image:  DSC05263.JPG
Skip training image:  DSC05264.JPG
Skip training image:  DSC05265.JPG
Skip training image:  DSC05266.JPG
Skip training image:  DSC05267.JPG
Adding image:  DSC05268.JPG
Skip training image:  DSC05269.JPG
Skip training image:  DSC05270.JPG
Skip training image:  DSC05271.JPG
Skip training image:  DSC05272.JPG
Adding image:  DSC05273.JPG
Skip training image:  DSC05274.JPG
Skip training image:  DSC05275.JPG
Skip training image:  DSC05276.JPG
Adding image:  DSC05277.JPG
Skip training image:  DSC05278.JPG
Skip training image:  DSC05279.JPG
Skip training image:  DSC05280.JPG
Skip training image:  DSC05281.JPG
Adding image:  DSC05282.JPG
Skip training image:  DSC05283.JPG
Skip training image:  DSC05284.JPG
Adding image:  DSC05285.JPG
Skip training image:  DSC05286.JPG
Skip training image:  DSC05287.JPG
Skip training image:  DSC05288.JPG
Skip training image:  DSC05289.JPG
Skip training image:  DSC05290.JPG
Adding image:  DSC05291.JPG
Skip training image:  DSC05292.JPG
Skip training image:  DSC05293.JPG
Skip training image:  DSC05294.JPG
Adding image:  DSC05295.JPG
Skip training image:  DSC05296.JPG
Skip training image:  DSC05297.JPG
Skip training image:  DSC05298.JPG
Adding image:  DSC05299.JPG
Skip training image:  DSC05300.JPG
Skip training image:  DSC05301.JPG
Skip training image:  DSC05302.JPG
Skip training image:  DSC05303.JPG
Adding image:  DSC05304.JPG
Skip training image:  DSC05305.JPG
Skip training image:  DSC05306.JPG
Skip training image:  DSC05307.JPG
Adding image:  DSC05308.JPG
Skip training image:  DSC05309.JPG
Skip training image:  DSC05310.JPG
Skip training image:  DSC05311.JPG
Skip training image:  DSC05312.JPG
Adding image:  DSC05313.JPG
Skip training image:  DSC05314.JPG
Skip training image:  DSC05315.JPG
Skip training image:  DSC05316.JPG
Adding image:  DSC05317.JPG
Skip training image:  DSC05318.JPG
Skip training image:  DSC05319.JPG
Skip training image:  DSC05320.JPG
Skip training image:  DSC05321.JPG
Skip training image:  DSC05322.JPG
Adding image:  DSC05323.JPG
Skip training image:  DSC05324.JPG
Adding image:  DSC05325.JPG
Skip training image:  DSC05326.JPG
Skip training image:  DSC05327.JPG
Skip training image:  DSC05328.JPG
Skip training image:  DSC05329.JPG
Skip training image:  DSC05330.JPG
Adding image:  DSC05331.JPG
Skip training image:  DSC05332.JPG
Skip training image:  DSC05333.JPG
Skip training image:  DSC05334.JPG
Adding image:  DSC05335.JPG
Skip training image:  DSC05336.JPG
Skip training image:  DSC05337.JPG
Skip training image:  DSC05338.JPG
Skip training image:  DSC05339.JPG
Adding image:  DSC05340.JPG
Skip training image:  DSC05341.JPG
Skip training image:  DSC05342.JPG
Skip training image:  DSC05343.JPG
Adding image:  DSC05344.JPG
Skip training image:  DSC05345.JPG
Skip training image:  DSC05346.JPG
Skip training image:  DSC05347.JPG
Skip training image:  DSC05348.JPG
Adding image:  DSC05349.JPG
Skip training image:  DSC05350.JPG
Skip training image:  DSC05351.JPG
Skip training image:  DSC05352.JPG
Adding image:  DSC05353.JPG
Skip training image:  DSC05354.JPG
Skip training image:  DSC05355.JPG
Skip training image:  DSC05356.JPG
Skip training image:  DSC05357.JPG
Adding image:  DSC05358.JPG
Skip training image:  DSC05359.JPG
Skip training image:  DSC05360.JPG
Skip training image:  DSC05361.JPG
Adding image:  DSC05362.JPG
Skip training image:  DSC05363.JPG
Skip training image:  DSC05364.JPG
Adding image:  DSC05365.JPG
Skip training image:  DSC05366.JPG
Adding image:  DSC05367.JPG
Skip training image:  DSC05368.JPG
Skip training image:  DSC05369.JPG
Adding image:  DSC05370.JPG
Skip training image:  DSC05371.JPG
Skip training image:  DSC05372.JPG
Adding image:  DSC05373.JPG
Skip training image:  DSC05374.JPG
Skip training image:  DSC05375.JPG
Skip training image:  DSC05376.JPG
Skip training image:  DSC05377.JPG
Adding image:  DSC05378.JPG
Skip training image:  DSC05379.JPG
Skip training image:  DSC05380.JPG
Skip training image:  DSC05381.JPG
Skip training image:  DSC05382.JPG
Skip training image:  DSC05383.JPG
Skip training image:  DSC05384.JPG
Skip training image:  DSC05385.JPG
Skip training image:  DSC05386.JPG
Skip training image:  DSC05387.JPG
Skip training image:  DSC05388.JPG
Skip training image:  DSC05389.JPG
Adding image:  DSC05390.JPG
Adding image:  DSC05391.JPG
Skip training image:  DSC05392.JPG
Skip training image:  DSC05393.JPG
Skip training image:  DSC05394.JPG
Skip training image:  DSC05395.JPG
Skip training image:  DSC05396.JPG
Skip training image:  DSC05397.JPG
Skip training image:  DSC05398.JPG
Skip training image:  DSC05399.JPG
Skip training image:  DSC05400.JPG
Skip training image:  DSC05401.JPG
Adding image:  DSC05402.JPG
Adding image:  DSC05403.JPG
Adding image:  DSC05404.JPG
Skip training image:  DSC05405.JPG
Skip training image:  DSC05406.JPG
Skip training image:  DSC05407.JPG
Skip training image:  DSC05408.JPG
Skip training image:  DSC05409.JPG
Skip training image:  DSC05410.JPG
Skip training image:  DSC05411.JPG
Adding image:  DSC05412.JPG
Skip training image:  DSC05413.JPG
Skip training image:  DSC05414.JPG
Skip training image:  DSC05415.JPG
Skip training image:  DSC05416.JPG
Skip training image:  DSC05417.JPG
Adding image:  DSC05418.JPG
Skip training image:  DSC05419.JPG
Skip training image:  DSC05420.JPG
Skip training image:  DSC05421.JPG
Adding image:  DSC05422.JPG
Skip training image:  DSC05423.JPG
Skip training image:  DSC05424.JPG
Skip training image:  DSC05425.JPG
Skip training image:  DSC05426.JPG
Adding image:  DSC05427.JPG
Skip training image:  DSC05428.JPG
Skip training image:  DSC05429.JPG
Skip training image:  DSC05430.JPG
Adding image:  DSC05431.JPG
Skip training image:  DSC05432.JPG
Skip training image:  DSC05433.JPG
Skip training image:  DSC05434.JPG
Skip training image:  DSC05435.JPG
Adding image:  DSC05436.JPG
Skip training image:  DSC05437.JPG
Skip training image:  DSC05438.JPG
Skip training image:  DSC05439.JPG
Adding image:  DSC05440.JPG
Skip training image:  DSC05441.JPG
Skip training image:  DSC05442.JPG
Skip training image:  DSC05443.JPG
Skip training image:  DSC05444.JPG
Adding image:  DSC05445.JPG
Skip training image:  DSC05446.JPG
Skip training image:  DSC05447.JPG
Skip training image:  DSC05448.JPG
Skip training image:  DSC05449.JPG
Adding image:  DSC05450.JPG
Skip training image:  DSC05451.JPG
Skip training image:  DSC05452.JPG
Adding image:  DSC05453.JPG
Skip training image:  DSC05454.JPG
Skip training image:  DSC05455.JPG
Skip training image:  DSC05456.JPG
Skip training image:  DSC05457.JPG
Adding image:  DSC05458.JPG
Skip training image:  DSC05459.JPG
Skip training image:  DSC05460.JPG
Skip training image:  DSC05461.JPG
Adding image:  DSC05462.JPG
Skip training image:  DSC05463.JPG
Skip training image:  DSC05464.JPG
Skip training image:  DSC05465.JPG
Skip training image:  DSC05466.JPG
Adding image:  DSC05467.JPG
Skip training image:  DSC05468.JPG
Skip training image:  DSC05469.JPG
Adding image:  DSC05470.JPG
Skip training image:  DSC05471.JPG
Skip training image:  DSC05472.JPG
Skip training image:  DSC05473.JPG
Skip training image:  DSC05474.JPG
Skip training image:  DSC05475.JPG
Adding image:  DSC05476.JPG
Skip training image:  DSC05477.JPG
Skip training image:  DSC05478.JPG
Skip training image:  DSC05479.JPG
Adding image:  DSC05480.JPG
Skip training image:  DSC05481.JPG
Skip training image:  DSC05482.JPG
Skip training image:  DSC05483.JPG
Skip training image:  DSC05484.JPG
Adding image:  DSC05485.JPG
Skip training image:  DSC05486.JPG
Skip training image:  DSC05487.JPG
Skip training image:  DSC05488.JPG
Adding image:  DSC05489.JPG
Skip training image:  DSC05490.JPG
Skip training image:  DSC05491.JPG
Skip training image:  DSC05492.JPG
Skip training image:  DSC05493.JPG
Adding image:  DSC05494.JPG
Skip training image:  DSC05495.JPG
Skip training image:  DSC05496.JPG
Skip training image:  DSC05497.JPG
Adding image:  DSC05498.JPG
Skip training image:  DSC05499.JPG
Skip training image:  DSC05500.JPG
Skip training image:  DSC05501.JPG
Adding image:  DSC05502.JPG
Skip training image:  DSC05503.JPG
Skip training image:  DSC05504.JPG
Skip training image:  DSC05505.JPG
Skip training image:  DSC05506.JPG
Adding image:  DSC05507.JPG
Skip training image:  DSC05508.JPG
Skip training image:  DSC05509.JPG
Adding image:  DSC05510.JPG
Skip training image:  DSC05511.JPG
Skip training image:  DSC05512.JPG
Skip training image:  DSC05513.JPG
Skip training image:  DSC05514.JPG
Skip training image:  DSC05515.JPG
Adding image:  DSC05516.JPG
Skip training image:  DSC05517.JPG
Skip training image:  DSC05518.JPG
Skip training image:  DSC05519.JPG
Adding image:  DSC05520.JPG
Skip training image:  DSC05521.JPG
Skip training image:  DSC05522.JPG
Skip training image:  DSC05523.JPG
Skip training image:  DSC05524.JPG
Adding image:  DSC05525.JPG
Skip training image:  DSC05526.JPG
Skip training image:  DSC05527.JPG
Skip training image:  DSC05528.JPG
Adding image:  DSC05529.JPG
Skip training image:  DSC05530.JPG
Skip training image:  DSC05531.JPG
Skip training image:  DSC05532.JPG
Skip training image:  DSC05533.JPG
Adding image:  DSC05534.JPG
Skip training image:  DSC05535.JPG
Skip training image:  DSC05536.JPG
Skip training image:  DSC05537.JPG
Adding image:  DSC05538.JPG
Skip training image:  DSC05539.JPG
Skip training image:  DSC05540.JPG
Skip training image:  DSC05541.JPG
Skip training image:  DSC05542.JPG
Skip training image:  DSC05543.JPG
Adding image:  DSC05544.JPG
Skip training image:  DSC05545.JPG
Skip training image:  DSC05546.JPG
Adding image:  DSC05547.JPG
Skip training image:  DSC05548.JPG
Skip training image:  DSC05549.JPG
Skip training image:  DSC05550.JPG
Skip training image:  DSC05551.JPG
Adding image:  DSC05552.JPG
Skip training image:  DSC05553.JPG
Skip training image:  DSC05554.JPG
Adding image:  DSC05555.JPG
Skip training image:  DSC05556.JPG
Skip training image:  DSC05557.JPG
Skip training image:  DSC05558.JPG
Adding image:  DSC05559.JPG
Skip training image:  DSC05560.JPG
Skip training image:  DSC05561.JPG
Skip training image:  DSC05562.JPG
Skip training image:  DSC05563.JPG
Skip training image:  DSC05564.JPG
Adding image:  DSC05565.JPG
Skip training image:  DSC05566.JPG
Skip training image:  DSC05567.JPG
Skip training image:  DSC05568.JPG
Adding image:  DSC05569.JPG
Skip training image:  DSC05570.JPG
Skip training image:  DSC05571.JPG
Skip training image:  DSC05572.JPG
Skip training image:  DSC05573.JPG
Adding image:  DSC05574.JPG
Skip training image:  DSC05575.JPG
Skip training image:  DSC05576.JPG
Skip training image:  DSC05577.JPG
Adding image:  DSC05578.JPG
Skip training image:  DSC05579.JPG
Skip training image:  DSC05580.JPG
Skip training image:  DSC05581.JPG
Skip training image:  DSC05582.JPG
Adding image:  DSC05583.JPG
Skip training image:  DSC05584.JPG
Skip training image:  DSC05585.JPG
Skip training image:  DSC05586.JPG
Skip training image:  DSC05587.JPG
Adding image:  DSC05588.JPG
Skip training image:  DSC05589.JPG
Skip training image:  DSC05590.JPG
Skip training image:  DSC05591.JPG
Adding image:  DSC05592.JPG
Skip training image:  DSC05593.JPG
Skip training image:  DSC05594.JPG
Skip training image:  DSC05595.JPG
Adding image:  DSC05596.JPG
Skip training image:  DSC05597.JPG
Skip training image:  DSC05598.JPG
Skip training image:  DSC05599.JPG
Skip training image:  DSC05600.JPG
Adding image:  DSC05601.JPG
Skip training image:  DSC05602.JPG
Skip training image:  DSC05603.JPG
Skip training image:  DSC05604.JPG
Adding image:  DSC05605.JPG
Skip training image:  DSC05606.JPG
Skip training image:  DSC05607.JPG
Skip training image:  DSC05608.JPG
Adding image:  DSC05609.JPG
Skip training image:  DSC05610.JPG
Skip training image:  DSC05611.JPG
Skip training image:  DSC05612.JPG
Skip training image:  DSC05613.JPG
Adding image:  DSC05614.JPG
Skip training image:  DSC05615.JPG
Skip training image:  DSC05616.JPG
Skip training image:  DSC05617.JPG
Adding image:  DSC05618.JPG
Skip training image:  DSC05619.JPG
Skip training image:  DSC05620.JPG
Skip training image:  DSC05621.JPG
Skip training image:  DSC05622.JPG
Adding image:  DSC05623.JPG
Skip training image:  DSC05624.JPG
Skip training image:  DSC05625.JPG
Skip training image:  DSC05626.JPG
Skip training image:  DSC05627.JPG
Adding image:  DSC05628.JPG
Skip training image:  DSC05629.JPG
Skip training image:  DSC05630.JPG
Skip training image:  DSC05631.JPG
Adding image:  DSC05632.JPG
Skip training image:  DSC05633.JPG
Skip training image:  DSC05634.JPG
Adding image:  DSC05635.JPG
Skip training image:  DSC05636.JPG
Skip training image:  DSC05637.JPG
Skip training image:  DSC05638.JPG
Skip training image:  DSC05639.JPG
Skip training image:  DSC05640.JPG
Adding image:  DSC05641.JPG
Skip training image:  DSC05642.JPG
Skip training image:  DSC05643.JPG
Skip training image:  DSC05644.JPG
Adding image:  DSC05645.JPG
Skip training image:  DSC05646.JPG
Skip training image:  DSC05647.JPG
Skip training image:  DSC05648.JPG
Skip training image:  DSC05649.JPG
Adding image:  DSC05650.JPG
Skip training image:  DSC05651.JPG
Skip training image:  DSC05652.JPG
Skip training image:  DSC05653.JPG
Adding image:  DSC05654.JPG
Skip training image:  DSC05655.JPG
Skip training image:  DSC05656.JPG
Skip training image:  DSC05657.JPG
Adding image:  DSC05658.JPG
Skip training image:  DSC05659.JPG
Skip training image:  DSC05660.JPG
Skip training image:  DSC05661.JPG
Skip training image:  DSC05662.JPG
Adding image:  DSC05663.JPG
Skip training image:  DSC05664.JPG
Skip training image:  DSC05665.JPG
Skip training image:  DSC05666.JPG
Adding image:  DSC05667.JPG
Skip training image:  DSC05668.JPG
Skip training image:  DSC05669.JPG
Skip training image:  DSC05670.JPG
Skip training image:  DSC05671.JPG
Adding image:  DSC05672.JPG
Skip training image:  DSC05673.JPG
Skip training image:  DSC05674.JPG
Skip training image:  DSC05675.JPG
Adding image:  DSC05676.JPG
Skip training image:  DSC05677.JPG
Skip training image:  DSC05678.JPG
Skip training image:  DSC05679.JPG
Skip training image:  DSC05680.JPG
Adding image:  DSC05681.JPG
Skip training image:  DSC05682.JPG
Skip training image:  DSC05683.JPG
Skip training image:  DSC05684.JPG
Adding image:  DSC05685.JPG
Skip training image:  DSC05686.JPG
Skip training image:  DSC05687.JPG
Skip training image:  DSC05688.JPG
Skip training image:  DSC05689.JPG
Adding image:  DSC05690.JPG
Skip training image:  DSC05691.JPG
Skip training image:  DSC05692.JPG
Skip training image:  DSC05693.JPG
Adding image:  DSC05694.JPG
Skip training image:  DSC05695.JPG
Skip training image:  DSC05696.JPG
Skip training image:  DSC05697.JPG
Skip training image:  DSC05698.JPG
Adding image:  DSC05699.JPG
Skip training image:  DSC05700.JPG
Skip training image:  DSC05701.JPG
Skip training image:  DSC05702.JPG
Adding image:  DSC05703.JPG
Skip training image:  DSC05704.JPG
Skip training image:  DSC05705.JPG
Skip training image:  DSC05706.JPG
Skip training image:  DSC05707.JPG
Adding image:  DSC05708.JPG
Skip training image:  DSC05709.JPG
Skip training image:  DSC05710.JPG
Adding image:  DSC05711.JPG
Skip training image:  DSC05712.JPG
Skip training image:  DSC05713.JPG
Skip training image:  DSC05714.JPG
Skip training image:  DSC05715.JPG
Adding image:  DSC05716.JPG
Skip training image:  DSC05717.JPG
Skip training image:  DSC05718.JPG
Skip training image:  DSC05719.JPG
Skip training image:  DSC05720.JPG
Adding image:  DSC05721.JPG
Skip training image:  DSC05722.JPG
Skip training image:  DSC05723.JPG
Skip training image:  DSC05724.JPG
Adding image:  DSC05725.JPG
Skip training image:  DSC05726.JPG
Skip training image:  DSC05727.JPG
Skip training image:  DSC05728.JPG
Skip training image:  DSC05729.JPG
Adding image:  DSC05730.JPG
Skip training image:  DSC05731.JPG
Skip training image:  DSC05732.JPG
Skip training image:  DSC05733.JPG
Adding image:  DSC05734.JPG
Skip training image:  DSC05735.JPG
Skip training image:  DSC05736.JPG
Skip training image:  DSC05737.JPG
Skip training image:  DSC05738.JPG
Adding image:  DSC05739.JPG
Skip training image:  DSC05740.JPG
Skip training image:  DSC05741.JPG
Skip training image:  DSC05742.JPG
Adding image:  DSC05743.JPG
Skip training image:  DSC05744.JPG
Skip training image:  DSC05745.JPG
Skip training image:  DSC05746.JPG
Skip training image:  DSC05747.JPG
Adding image:  DSC05748.JPG
Skip training image:  DSC05749.JPG
Skip training image:  DSC05750.JPG
Skip training image:  DSC05751.JPG
Adding image:  DSC05752.JPG
Skip training image:  DSC05753.JPG
Skip training image:  DSC05754.JPG
Skip training image:  DSC05755.JPG
Skip training image:  DSC05756.JPG
Skip training image:  DSC05757.JPG
Adding image:  DSC05758.JPG
Skip training image:  DSC05759.JPG
Skip training image:  DSC05760.JPG
Adding image:  DSC05761.JPG
Skip training image:  DSC05762.JPG
Skip training image:  DSC05763.JPG
Skip training image:  DSC05764.JPG
Adding image:  DSC05765.JPG
Skip training image:  DSC05766.JPG
Skip training image:  DSC05767.JPG
Skip training image:  DSC05768.JPG
Skip training image:  DSC05769.JPG
Adding image:  DSC05770.JPG
Skip training image:  DSC05771.JPG
Skip training image:  DSC05772.JPG
Skip training image:  DSC05773.JPG
Skip training image:  DSC05774.JPG
Adding image:  DSC05775.JPG
Skip training image:  DSC05776.JPG
Skip training image:  DSC05777.JPG
Skip training image:  DSC05778.JPG
Adding image:  DSC05779.JPG
Skip training image:  DSC05780.JPG
Skip training image:  DSC05781.JPG
Adding image:  DSC05782.JPG
Skip training image:  DSC05783.JPG
Skip training image:  DSC05784.JPG
Skip training image:  DSC05785.JPG
Skip training image:  DSC05786.JPG
Skip training image:  DSC05787.JPG
Adding image:  DSC05788.JPG
Skip training image:  DSC05789.JPG
Skip training image:  DSC05790.JPG
Skip training image:  DSC05791.JPG
Adding image:  DSC05792.JPG
Skip training image:  DSC05793.JPG
Skip training image:  DSC05794.JPG
Skip training image:  DSC05795.JPG
Skip training image:  DSC05796.JPG
Skip training image:  DSC05797.JPG
Adding image:  DSC05798.JPG
Skip training image:  DSC05799.JPG
Skip training image:  DSC05800.JPG
Skip training image:  DSC05801.JPG
Adding image:  DSC05802.JPG
Skip training image:  DSC05803.JPG
Skip training image:  DSC05804.JPG
Skip training image:  DSC05805.JPG
Skip training image:  DSC05806.JPG
Adding image:  DSC05807.JPG
Skip training image:  DSC05808.JPG
Skip training image:  DSC05809.JPG
Skip training image:  DSC05810.JPG
Adding image:  DSC05811.JPG
Skip training image:  DSC05812.JPG
Skip training image:  DSC05813.JPG
Skip training image:  DSC05814.JPG
Adding image:  DSC05815.JPG
Skip training image:  DSC05816.JPG
Skip training image:  DSC05817.JPG
Skip training image:  DSC05818.JPG
Skip training image:  DSC05819.JPG
Adding image:  DSC05820.JPG
Skip training image:  DSC05821.JPG
Skip training image:  DSC05822.JPG
Skip training image:  DSC05823.JPG
Adding image:  DSC05824.JPG
Skip training image:  DSC05825.JPG
Skip training image:  DSC05826.JPG
Skip training image:  DSC05827.JPG
Skip training image:  DSC05828.JPG
Adding image:  DSC05829.JPG
Skip training image:  DSC05830.JPG
Skip training image:  DSC05831.JPG
Skip training image:  DSC05832.JPG
Adding image:  DSC05833.JPG
Skip training image:  DSC05834.JPG
Skip training image:  DSC05835.JPG
Skip training image:  DSC05836.JPG
Skip training image:  DSC05837.JPG
Skip training image:  DSC05838.JPG
Adding image:  DSC05839.JPG
Skip training image:  DSC05840.JPG
Skip training image:  DSC05841.JPG
Skip training image:  DSC05842.JPG
Adding image:  DSC05843.JPG
Skip training image:  DSC05844.JPG
Skip training image:  DSC05845.JPG
Skip training image:  DSC05846.JPG
Skip training image:  DSC05847.JPG
Adding image:  DSC05848.JPG
Skip training image:  DSC05849.JPG
Skip training image:  DSC05850.JPG
Skip training image:  DSC05851.JPG
Adding image:  DSC05852.JPG
Skip training image:  DSC05853.JPG
Skip training image:  DSC05854.JPG
Skip training image:  DSC05855.JPG
Skip training image:  DSC05856.JPG
Adding image:  DSC05857.JPG
Skip training image:  DSC05858.JPG
Skip training image:  DSC05859.JPG
Skip training image:  DSC05860.JPG
Adding image:  DSC05861.JPG
Skip training image:  DSC05862.JPG
Skip training image:  DSC05863.JPG
Skip training image:  DSC05864.JPG
Skip training image:  DSC05865.JPG
Adding image:  DSC05866.JPG
Skip training image:  DSC05867.JPG
Skip training image:  DSC05868.JPG
Skip training image:  DSC05869.JPG
Adding image:  DSC05870.JPG
Skip training image:  DSC05871.JPG
Skip training image:  DSC05872.JPG
Skip training image:  DSC05873.JPG
Adding image:  DSC05874.JPG
Skip training image:  DSC05875.JPG
Skip training image:  DSC05876.JPG
Skip training image:  DSC05877.JPG
Skip training image:  DSC05878.JPG
Adding image:  DSC05879.JPG
Skip training image:  DSC05880.JPG
Skip training image:  DSC05881.JPG
Skip training image:  DSC05882.JPG
Adding image:  DSC05883.JPG
Skip training image:  DSC05884.JPG
Skip training image:  DSC05885.JPG
Skip training image:  DSC05886.JPG
Skip training image:  DSC05887.JPG
Adding image:  DSC05888.JPG
Skip training image:  DSC05889.JPG
Skip training image:  DSC05890.JPG
Skip training image:  DSC05891.JPG
Adding image:  DSC05892.JPG
Skip training image:  DSC05893.JPG
Skip training image:  DSC05894.JPG
Skip training image:  DSC05895.JPG
Skip training image:  DSC05896.JPG
Adding image:  DSC05897.JPG
Skip training image:  DSC05898.JPG
Skip training image:  DSC05899.JPG
Skip training image:  DSC05900.JPG
Adding image:  DSC05901.JPG
Skip training image:  DSC05902.JPG
Skip training image:  DSC05903.JPG
Skip training image:  DSC05904.JPG
Skip training image:  DSC05905.JPG
Adding image:  DSC05906.JPG
Skip training image:  DSC05907.JPG
Skip training image:  DSC05908.JPG
Skip training image:  DSC05909.JPG
Skip training image:  DSC05910.JPG
Adding image:  DSC05911.JPG
Skip training image:  DSC05912.JPG
Skip training image:  DSC05913.JPG
Skip training image:  DSC05914.JPG
Adding image:  DSC05915.JPG
Skip training image:  DSC05916.JPG
Skip training image:  DSC05917.JPG
Adding image:  DSC05918.JPG
Skip training image:  DSC05919.JPG
Skip training image:  DSC05920.JPG
Skip training image:  DSC05921.JPG
Skip training image:  DSC05922.JPG
Adding image:  DSC05923.JPG
Skip training image:  DSC05924.JPG
Skip training image:  DSC05925.JPG
Skip training image:  DSC05926.JPG
Skip training image:  DSC05927.JPG
Adding image:  DSC05928.JPG
Skip training image:  DSC05929.JPG
Skip training image:  DSC05930.JPG
Skip training image:  DSC05931.JPG
Adding image:  DSC05932.JPG
Skip training image:  DSC05933.JPG
Skip training image:  DSC05934.JPG
Skip training image:  DSC05935.JPG
Skip training image:  DSC05936.JPG
Adding image:  DSC05937.JPG
Skip training image:  DSC05938.JPG
Skip training image:  DSC05939.JPG
Skip training image:  DSC05940.JPG
Adding image:  DSC05941.JPG
Skip training image:  DSC05942.JPG
Skip training image:  DSC05943.JPG
Skip training image:  DSC05944.JPG
Skip training image:  DSC05945.JPG
Skip training image:  DSC05946.JPG
Skip training image:  DSC05947.JPG
Skip training image:  DSC05948.JPG
Skip training image:  DSC05949.JPG
Skip training image:  DSC05950.JPG
Skip training image:  DSC05951.JPG
Skip training image:  DSC05952.JPG
Skip training image:  DSC05953.JPG
Skip training image:  DSC05954.JPG
Skip training image:  DSC05955.JPG
Skip training image:  DSC05956.JPG
Skip training image:  DSC05957.JPG
Skip training image:  DSC05958.JPG
Adding image:  DSC05959.JPG
Skip training image:  DSC05960.JPG
Skip training image:  DSC05961.JPG
Skip training image:  DSC05962.JPG
Adding image:  DSC05963.JPG
Skip training image:  DSC05964.JPG
Skip training image:  DSC05965.JPG
Skip training image:  DSC05966.JPG
Skip training image:  DSC05967.JPG
Adding image:  DSC05968.JPG
Skip training image:  DSC05969.JPG
Skip training image:  DSC05970.JPG
Skip training image:  DSC05971.JPG
Adding image:  DSC05972.JPG
Skip training image:  DSC05973.JPG
Skip training image:  DSC05974.JPG
Skip training image:  DSC05975.JPG
Skip training image:  DSC05976.JPG
Adding image:  DSC05977.JPG
Skip training image:  DSC05978.JPG
Skip training image:  DSC05979.JPG
Skip training image:  DSC05980.JPG
Adding image:  DSC05981.JPG
Skip training image:  DSC05982.JPG
Skip training image:  DSC05983.JPG
Skip training image:  DSC05984.JPG
Adding image:  DSC05985.JPG
Skip training image:  DSC05986.JPG
Skip training image:  DSC05987.JPG
Skip training image:  DSC05988.JPG
Skip training image:  DSC05989.JPG
Adding image:  DSC05990.JPG
Skip training image:  DSC05991.JPG
Skip training image:  DSC05992.JPG
Skip training image:  DSC05993.JPG
Skip training image:  DSC05994.JPG
Adding image:  DSC05995.JPG
Skip training image:  DSC05996.JPG
Skip training image:  DSC05997.JPG
Skip training image:  DSC05998.JPG
Skip training image:  DSC05999.JPG
Adding image:  DSC06000.JPG
Skip training image:  DSC06001.JPG
Skip training image:  DSC06002.JPG
Skip training image:  DSC06003.JPG
Adding image:  DSC06004.JPG
Skip training image:  DSC06005.JPG
Skip training image:  DSC06006.JPG
Skip training image:  DSC06007.JPG
Skip training image:  DSC06008.JPG
Adding image:  DSC06009.JPG
Skip training image:  DSC06010.JPG
Skip training image:  DSC06011.JPG
Skip training image:  DSC06012.JPG
Adding image:  DSC06013.JPG
Skip training image:  DSC06014.JPG
Skip training image:  DSC06015.JPG
Skip training image:  DSC06016.JPG
Skip training image:  DSC06017.JPG
Adding image:  DSC06018.JPG
Skip training image:  DSC06019.JPG
Skip training image:  DSC06020.JPG
Skip training image:  DSC06021.JPG
Skip training image:  DSC06022.JPG
Skip training image:  DSC06023.JPG
Skip training image:  DSC06024.JPG
Skip training image:  DSC06025.JPG
Skip training image:  DSC06026.JPG
Skip training image:  DSC06027.JPG
Skip training image:  DSC06028.JPG
Skip training image:  DSC06029.JPG
Skip training image:  DSC06030.JPG
Skip training image:  DSC06031.JPG
Skip training image:  DSC06032.JPG
Skip training image:  DSC06033.JPG
Skip training image:  DSC06034.JPG
Skip training image:  DSC06035.JPG
Skip training image:  DSC06036.JPG
Skip training image:  DSC06037.JPG
Skip training image:  DSC06038.JPG
Skip training image:  DSC06039.JPG
Skip training image:  DSC06040.JPG
Skip training image:  DSC06041.JPG
Skip training image:  DSC06042.JPG
Skip training image:  DSC06043.JPG
Skip training image:  DSC06044.JPG
Skip training image:  DSC06045.JPG
Skip training image:  DSC06046.JPG
Skip training image:  DSC06047.JPG
Skip training image:  DSC06048.JPG
Skip training image:  DSC06049.JPG
Skip training image:  DSC06050.JPG
Skip training image:  DSC06051.JPG
Skip training image:  DSC06052.JPG
Skip training image:  DSC06053.JPG
Skip training image:  DSC06054.JPG
Skip training image:  DSC06055.JPG
Skip training image:  DSC06056.JPG
Skip training image:  DSC06057.JPG
Skip training image:  DSC06058.JPG
Skip training image:  DSC06059.JPG
Skip training image:  DSC06060.JPG
Skip training image:  DSC06061.JPG
Skip training image:  DSC06062.JPG
Skip training image:  DSC06063.JPG
Skip training image:  DSC06064.JPG
Skip training image:  DSC06065.JPG
Skip training image:  DSC06066.JPG
Skip training image:  DSC06067.JPG
Skip training image:  DSC06068.JPG
Skip training image:  DSC06069.JPG
Skip training image:  DSC06070.JPG
Skip training image:  DSC06071.JPG
Skip training image:  DSC06072.JPG
Skip training image:  DSC06073.JPG
Skip training image:  DSC06074.JPG
Skip training image:  DSC06075.JPG
Skip training image:  DSC06076.JPG
Skip training image:  DSC06077.JPG
Skip training image:  DSC06078.JPG
Skip training image:  DSC06079.JPG
Skip training image:  DSC06080.JPG
Skip training image:  DSC06081.JPG
Skip training image:  DSC06082.JPG
Skip training image:  DSC06083.JPG
Skip training image:  DSC06084.JPG
Skip training image:  DSC06085.JPG
Skip training image:  DSC06086.JPG
Adding image:  DSC06087.JPG
Skip training image:  DSC06088.JPG
Skip training image:  DSC06089.JPG
Skip training image:  DSC06090.JPG
Skip training image:  DSC06091.JPG
Adding image:  DSC06092.JPG
Skip training image:  DSC06093.JPG
Skip training image:  DSC06094.JPG
Skip training image:  DSC06095.JPG
Skip training image:  DSC06096.JPG
Adding image:  DSC06097.JPG
Skip training image:  DSC06098.JPG
Skip training image:  DSC06099.JPG
Adding image:  DSC06100.JPG
Skip training image:  DSC06101.JPG
Skip training image:  DSC06102.JPG
Skip training image:  DSC06103.JPG
Skip training image:  DSC06104.JPG
Adding image:  DSC06105.JPG
Skip training image:  DSC06106.JPG
Skip training image:  DSC06107.JPG
Adding image:  DSC06108.JPG
Skip training image:  DSC06109.JPG
Skip training image:  DSC06110.JPG
Skip training image:  DSC06111.JPG
Skip training image:  DSC06112.JPG
Skip training image:  DSC06113.JPG
Adding image:  DSC06114.JPG
Skip training image:  DSC06115.JPG
Skip training image:  DSC06116.JPG
Skip training image:  DSC06117.JPG
Adding image:  DSC06118.JPG
Skip training image:  DSC06119.JPG
Skip training image:  DSC06120.JPG
Skip training image:  DSC06121.JPG
Adding image:  DSC06122.JPG
Skip training image:  DSC06123.JPG
Skip training image:  DSC06124.JPG
Skip training image:  DSC06125.JPG
Skip training image:  DSC06126.JPG
Skip training image:  DSC06127.JPG
Adding image:  DSC06128.JPG
Skip training image:  DSC06129.JPG
Skip training image:  DSC06130.JPG
Skip training image:  DSC06131.JPG
Skip training image:  DSC06132.JPG
Adding image:  DSC06133.JPG
Skip training image:  DSC06134.JPG
Skip training image:  DSC06135.JPG
Skip training image:  DSC06136.JPG
Skip training image:  DSC06137.JPG
Adding image:  DSC06138.JPG
Skip training image:  DSC06139.JPG
Skip training image:  DSC06140.JPG
Skip training image:  DSC06141.JPG
Adding image:  DSC06142.JPG
Skip training image:  DSC06143.JPG
Skip training image:  DSC06144.JPG
Skip training image:  DSC06145.JPG
Adding image:  DSC06146.JPG
Skip training image:  DSC06147.JPG
Skip training image:  DSC06148.JPG
Skip training image:  DSC06149.JPG
Skip training image:  DSC06150.JPG
Adding image:  DSC06151.JPG
Skip training image:  DSC06152.JPG
Skip training image:  DSC06153.JPG
Skip training image:  DSC06154.JPG
Adding image:  DSC06155.JPG
Skip training image:  DSC06156.JPG
Skip training image:  DSC06157.JPG
Skip training image:  DSC06158.JPG
Skip training image:  DSC06159.JPG
Adding image:  DSC06160.JPG
Skip training image:  DSC06161.JPG
Skip training image:  DSC06162.JPG
Skip training image:  DSC06163.JPG
Adding image:  DSC06164.JPG
Skip training image:  DSC06165.JPG
Skip training image:  DSC06166.JPG
Skip training image:  DSC06167.JPG
Skip training image:  DSC06168.JPG
Adding image:  DSC06169.JPG
Skip training image:  DSC06170.JPG
Skip training image:  DSC06171.JPG
Skip training image:  DSC06172.JPG
Adding image:  DSC06173.JPG
Skip training image:  DSC06174.JPG
Skip training image:  DSC06175.JPG
Skip training image:  DSC06176.JPG
Skip training image:  DSC06177.JPG
Adding image:  DSC06178.JPG
Skip training image:  DSC06179.JPG
Skip training image:  DSC06180.JPG
Skip training image:  DSC06181.JPG
Skip training image:  DSC06182.JPG
Adding image:  DSC06183.JPG
Skip training image:  DSC06184.JPG
Skip training image:  DSC06185.JPG
Skip training image:  DSC06186.JPG
Adding image:  DSC06187.JPG
Skip training image:  DSC06188.JPG
Skip training image:  DSC06189.JPG
Skip training image:  DSC06190.JPG
Skip training image:  DSC06191.JPG
Adding image:  DSC06192.JPG
Skip training image:  DSC06193.JPG
Skip training image:  DSC06194.JPG
Skip training image:  DSC06195.JPG
Adding image:  DSC06196.JPG
Skip training image:  DSC06197.JPG
Skip training image:  DSC06198.JPG
Skip training image:  DSC06199.JPG
Skip training image:  DSC06200.JPG
Adding image:  DSC06201.JPG
Skip training image:  DSC06202.JPG
Skip training image:  DSC06203.JPG
Skip training image:  DSC06204.JPG
Adding image:  DSC06205.JPG
Skip training image:  DSC06206.JPG
Skip training image:  DSC06207.JPG
Skip training image:  DSC06208.JPG
Adding image:  DSC06209.JPG
Skip training image:  DSC06210.JPG
Skip training image:  DSC06211.JPG
Skip training image:  DSC06212.JPG
Adding image:  DSC06213.JPG
Skip training image:  DSC06214.JPG
Skip training image:  DSC06215.JPG
Skip training image:  DSC06216.JPG
Skip training image:  DSC06217.JPG
Adding image:  DSC06218.JPG
Skip training image:  DSC06219.JPG
Skip training image:  DSC06220.JPG
Skip training image:  DSC06221.JPG
Skip training image:  DSC06222.JPG
Skip training image:  DSC06223.JPG
Skip training image:  DSC06224.JPG
Skip training image:  DSC06225.JPG
Skip training image:  DSC06226.JPG
Skip training image:  DSC06227.JPG
Adding image:  DSC06228.JPG
Skip training image:  DSC06229.JPG
Skip training image:  DSC06230.JPG
Skip training image:  DSC06231.JPG
Adding image:  DSC06232.JPG
Skip training image:  DSC06233.JPG
Skip training image:  DSC06234.JPG
Skip training image:  DSC06235.JPG
Skip training image:  DSC06236.JPG
Adding image:  DSC06237.JPG
Skip training image:  DSC06238.JPG
Skip training image:  DSC06239.JPG
Adding image:  DSC06240.JPG
Skip training image:  DSC06241.JPG
Skip training image:  DSC06242.JPG
Skip training image:  DSC06243.JPG
Skip training image:  DSC06244.JPG
Skip training image:  DSC06245.JPG
Adding image:  DSC06246.JPG
Skip training image:  DSC06247.JPG
Skip training image:  DSC06248.JPG
Skip training image:  DSC06249.JPG
Adding image:  DSC06250.JPG
Skip training image:  DSC06251.JPG
Skip training image:  DSC06252.JPG
Skip training image:  DSC06253.JPG
Skip training image:  DSC06254.JPG
Adding image:  DSC06255.JPG
Skip training image:  DSC06256.JPG
Skip training image:  DSC06257.JPG
Skip training image:  DSC06258.JPG
Adding image:  DSC06259.JPG
Skip training image:  DSC06260.JPG
Skip training image:  DSC06261.JPG
Skip training image:  DSC06262.JPG
Adding image:  DSC06263.JPG
Skip training image:  DSC06264.JPG
Skip training image:  DSC06265.JPG
Skip training image:  DSC06266.JPG
Skip training image:  DSC06267.JPG
Adding image:  DSC06268.JPG
Skip training image:  DSC06269.JPG
Skip training image:  DSC06270.JPG
Skip training image:  DSC06271.JPG
Adding image:  DSC06272.JPG
Skip training image:  DSC06273.JPG
Skip training image:  DSC06274.JPG
Skip training image:  DSC06275.JPG
Adding image:  DSC06276.JPG
Skip training image:  DSC06277.JPG
Skip training image:  DSC06278.JPG
Skip training image:  DSC06279.JPG
Skip training image:  DSC06280.JPG
Adding image:  DSC06281.JPG
Skip training image:  DSC06282.JPG
Skip training image:  DSC06283.JPG
Skip training image:  DSC06284.JPG
Skip training image:  DSC06285.JPG
Adding image:  DSC06286.JPG
Skip training image:  DSC06287.JPG
Skip training image:  DSC06288.JPG
Skip training image:  DSC06289.JPG
Adding image:  DSC06290.JPG
Skip training image:  DSC06291.JPG
Skip training image:  DSC06292.JPG
Skip training image:  DSC06293.JPG
Skip training image:  DSC06294.JPG
Adding image:  DSC06295.JPG
Skip training image:  DSC06296.JPG
Skip training image:  DSC06297.JPG
Skip training image:  DSC06298.JPG
Adding image:  DSC06299.JPG
Skip training image:  DSC06300.JPG
Skip training image:  DSC06301.JPG
Skip training image:  DSC06302.JPG
Skip training image:  DSC06303.JPG
Adding image:  DSC06304.JPG
Skip training image:  DSC06305.JPG
Skip training image:  DSC06306.JPG
Skip training image:  DSC06307.JPG
Skip training image:  DSC06308.JPG
Adding image:  DSC06309.JPG
Skip training image:  DSC06310.JPG
Skip training image:  DSC06311.JPG
Skip training image:  DSC06312.JPG
Adding image:  DSC06313.JPG
Skip training image:  DSC06314.JPG
Skip training image:  DSC06315.JPG
Skip training image:  DSC06316.JPG
Skip training image:  DSC06317.JPG
Adding image:  DSC06318.JPG
Skip training image:  DSC06319.JPG
Skip training image:  DSC06320.JPG
Adding image:  DSC06321.JPG
Skip training image:  DSC06322.JPG
Skip training image:  DSC06323.JPG
Skip training image:  DSC06324.JPG
Skip training image:  DSC06325.JPG
Adding image:  DSC06326.JPG
Skip training image:  DSC06327.JPG
Skip training image:  DSC06328.JPG
Skip training image:  DSC06329.JPG
Adding image:  DSC06330.JPG
Skip training image:  DSC06331.JPG
Skip training image:  DSC06332.JPG
Skip training image:  DSC06333.JPG
Skip training image:  DSC06334.JPG
Adding image:  DSC06335.JPG
Skip training image:  DSC06336.JPG
Skip training image:  DSC06337.JPG
Skip training image:  DSC06338.JPG
Adding image:  DSC06339.JPG
Skip training image:  DSC06340.JPG
Skip training image:  DSC06341.JPG
Skip training image:  DSC06342.JPG
Skip training image:  DSC06343.JPG
Skip training image:  DSC06344.JPG
Skip training image:  DSC06345.JPG
Skip training image:  DSC06346.JPG
Skip training image:  DSC06347.JPG
Skip training image:  DSC06348.JPG
Skip training image:  DSC06349.JPG
Skip training image:  DSC06350.JPG
Skip training image:  DSC06351.JPG
Skip training image:  DSC06352.JPG
Skip training image:  DSC06353.JPG
Skip training image:  DSC06354.JPG
Skip training image:  DSC06355.JPG
Skip training image:  DSC06356.JPG
Skip training image:  DSC06357.JPG
Skip training image:  DSC06358.JPG
Skip training image:  DSC06359.JPG
Skip training image:  DSC06360.JPG
Skip training image:  DSC06361.JPG
Skip training image:  DSC06362.JPG
Skip training image:  DSC06363.JPG
Skip training image:  DSC06364.JPG
Adding image:  DSC06365.JPG
Skip training image:  DSC06366.JPG
Skip training image:  DSC06367.JPG
Skip training image:  DSC06368.JPG
Adding image:  DSC06369.JPG
Skip training image:  DSC06370.JPG
Skip training image:  DSC06371.JPG
Skip training image:  DSC06372.JPG
Skip training image:  DSC06373.JPG
Adding image:  DSC06374.JPG
Skip training image:  DSC06375.JPG
Skip training image:  DSC06376.JPG
Skip training image:  DSC06377.JPG
Adding image:  DSC06378.JPG
Skip training image:  DSC06379.JPG
Skip training image:  DSC06380.JPG
Skip training image:  DSC06381.JPG
Skip training image:  DSC06382.JPG
Adding image:  DSC06383.JPG
Skip training image:  DSC06384.JPG
Skip training image:  DSC06385.JPG
Skip training image:  DSC06386.JPG
Adding image:  DSC06387.JPG
Skip training image:  DSC06388.JPG
Skip training image:  DSC06389.JPG
Skip training image:  DSC06390.JPG
Adding image:  DSC06391.JPG
Skip training image:  DSC06392.JPG
Skip training image:  DSC06393.JPG
Skip training image:  DSC06394.JPG
Skip training image:  DSC06395.JPG
Adding image:  DSC06396.JPG
Skip training image:  DSC06397.JPG
Skip training image:  DSC06398.JPG
Skip training image:  DSC06399.JPG
Adding image:  DSC06400.JPG
Skip training image:  DSC06401.JPG
Skip training image:  DSC06402.JPG
Skip training image:  DSC06403.JPG
Skip training image:  DSC06404.JPG
Skip training image:  DSC06405.JPG
Adding image:  DSC06406.JPG
Skip training image:  DSC06407.JPG
Skip training image:  DSC06408.JPG
Adding image:  DSC06409.JPG
Skip training image:  DSC06410.JPG
Skip training image:  DSC06411.JPG
Skip training image:  DSC06412.JPG
Adding image:  DSC06413.JPG
Skip training image:  DSC06414.JPG
Skip training image:  DSC06415.JPG
Skip training image:  DSC06416.JPG
Skip training image:  DSC06417.JPG
Adding image:  DSC06418.JPG
Skip training image:  DSC06419.JPG
Skip training image:  DSC06420.JPG
Skip training image:  DSC06421.JPG
Skip training image:  DSC06422.JPG
Adding image:  DSC06423.JPG
Skip training image:  DSC06424.JPG
Skip training image:  DSC06425.JPG
Skip training image:  DSC06426.JPG
Adding image:  DSC06427.JPG
Skip training image:  DSC06428.JPG
Skip training image:  DSC06429.JPG
Skip training image:  DSC06430.JPG
Skip training image:  DSC06431.JPG
Adding image:  DSC06432.JPG
Skip training image:  DSC06433.JPG
Skip training image:  DSC06434.JPG
Skip training image:  DSC06435.JPG
Adding image:  DSC06436.JPG
Skip training image:  DSC06437.JPG
Skip training image:  DSC06438.JPG
Skip training image:  DSC06439.JPG
Skip training image:  DSC06440.JPG
Adding image:  DSC06441.JPG
Skip training image:  DSC06442.JPG
Skip training image:  DSC06443.JPG
Skip training image:  DSC06444.JPG
Adding image:  DSC06445.JPG
Skip training image:  DSC06446.JPG
Skip training image:  DSC06447.JPG
Skip training image:  DSC06448.JPG
Adding image:  DSC06449.JPG
Skip training image:  DSC06450.JPG
Skip training image:  DSC06451.JPG
Skip training image:  DSC06452.JPG
Skip training image:  DSC06453.JPG
Adding image:  DSC06454.JPG
Skip training image:  DSC06455.JPG
Skip training image:  DSC06456.JPG
Skip training image:  DSC06457.JPG
Adding image:  DSC06458.JPG
Skip training image:  DSC06459.JPG
Skip training image:  DSC06460.JPG
Skip training image:  DSC06461.JPG
Skip training image:  DSC06462.JPG
Adding image:  DSC06463.JPG
Skip training image:  DSC06464.JPG
Skip training image:  DSC06465.JPG
Skip training image:  DSC06466.JPG
Adding image:  DSC06467.JPG
Skip training image:  DSC06468.JPG
Skip training image:  DSC06469.JPG
Skip training image:  DSC06470.JPG
Skip training image:  DSC06471.JPG
Adding image:  DSC06472.JPG
Skip training image:  DSC06473.JPG
Skip training image:  DSC06474.JPG
Skip training image:  DSC06475.JPG
Adding image:  DSC06476.JPG
Skip training image:  DSC06477.JPG
Skip training image:  DSC06478.JPG
Skip training image:  DSC06479.JPG
Skip training image:  DSC06480.JPG
Adding image:  DSC06481.JPG
Skip training image:  DSC06482.JPG
Skip training image:  DSC06483.JPG
Skip training image:  DSC06484.JPG
Skip training image:  DSC06485.JPG
Adding image:  DSC06486.JPG
Skip training image:  DSC06487.JPG
Skip training image:  DSC06488.JPG
Skip training image:  DSC06489.JPG
Adding image:  DSC06490.JPG
Skip training image:  DSC06491.JPG
Skip training image:  DSC06492.JPG
Skip training image:  DSC06493.JPG
Adding image:  DSC06494.JPG
Skip training image:  DSC06495.JPG
Skip training image:  DSC06496.JPG
Skip training image:  DSC06497.JPG
Adding image:  DSC06498.JPG
Skip training image:  DSC06499.JPG
Skip training image:  DSC06500.JPG
Skip training image:  DSC06501.JPG
Skip training image:  DSC06502.JPG
Adding image:  DSC06503.JPG
Skip training image:  DSC06504.JPG
Skip training image:  DSC06505.JPG
Skip training image:  DSC06506.JPG
Adding image:  DSC06507.JPG
Skip training image:  DSC06508.JPG
Skip training image:  DSC06509.JPG
Skip training image:  DSC06510.JPG
Skip training image:  DSC06511.JPG
Adding image:  DSC06512.JPG
Skip training image:  DSC06513.JPG
Skip training image:  DSC06514.JPG
Skip training image:  DSC06515.JPG
Adding image:  DSC06516.JPG
Skip training image:  DSC06517.JPG
Skip training image:  DSC06518.JPG
Skip training image:  DSC06519.JPG
Skip training image:  DSC06520.JPG
Adding image:  DSC06521.JPG
Skip training image:  DSC06522.JPG
Skip training image:  DSC06523.JPG
Skip training image:  DSC06524.JPG
Adding image:  DSC06525.JPG
Skip training image:  DSC06526.JPG
Skip training image:  DSC06527.JPG
Skip training image:  DSC06528.JPG
Skip training image:  DSC06529.JPG
Adding image:  DSC06530.JPG
Skip training image:  DSC06531.JPG
Skip training image:  DSC06532.JPG
Skip training image:  DSC06533.JPG
Adding image:  DSC06534.JPG
Skip training image:  DSC06535.JPG
Skip training image:  DSC06536.JPG
Skip training image:  DSC06537.JPG
Skip training image:  DSC06538.JPG
Adding image:  DSC06539.JPG
Skip training image:  DSC06540.JPG
Skip training image:  DSC06541.JPG
Adding image:  DSC06542.JPG
Skip training image:  DSC06543.JPG
Skip training image:  DSC06544.JPG
Skip training image:  DSC06545.JPG
Skip training image:  DSC06546.JPG
Adding image:  DSC06547.JPG
Skip training image:  DSC06548.JPG
Skip training image:  DSC06549.JPG
Skip training image:  DSC06550.JPG
Skip training image:  DSC06551.JPG
Adding image:  DSC06552.JPG
Skip training image:  DSC06553.JPG
Skip training image:  DSC06554.JPG
Skip training image:  DSC06555.JPG
Adding image:  DSC06556.JPG
Skip training image:  DSC06557.JPG
Skip training image:  DSC06558.JPG
Skip training image:  DSC06559.JPG
Skip training image:  DSC06560.JPG
Adding image:  DSC06561.JPG
Skip training image:  DSC06562.JPG
Skip training image:  DSC06563.JPG
Skip training image:  DSC06564.JPG
Adding image:  DSC06565.JPG
Skip training image:  DSC06566.JPG
Skip training image:  DSC06567.JPG
Skip training image:  DSC06568.JPG
Skip training image:  DSC06569.JPG
Adding image:  DSC06570.JPG
Skip training image:  DSC06571.JPG
Skip training image:  DSC06572.JPG
Skip training image:  DSC06573.JPG
Skip training image:  DSC06574.JPG
Adding image:  DSC06575.JPG
Skip training image:  DSC06576.JPG
Skip training image:  DSC06577.JPG
Skip training image:  DSC06578.JPG
Adding image:  DSC06579.JPG
Skip training image:  DSC06580.JPG
Skip training image:  DSC06581.JPG
Skip training image:  DSC06582.JPG
Adding image:  DSC06583.JPG
Skip training image:  DSC06584.JPG
Skip training image:  DSC06585.JPG
Skip training image:  DSC06586.JPG
Skip training image:  DSC06587.JPG
Adding image:  DSC06588.JPG
Skip training image:  DSC06589.JPG
Skip training image:  DSC06590.JPG
Skip training image:  DSC06591.JPG
Adding image:  DSC06592.JPG
Skip training image:  DSC06593.JPG
Skip training image:  DSC06594.JPG
Skip training image:  DSC06595.JPG
Adding image:  DSC06596.JPG
Skip training image:  DSC06597.JPG
Skip training image:  DSC06598.JPG
Skip training image:  DSC06599.JPG
Skip training image:  DSC06600.JPG
Adding image:  DSC06601.JPG
Skip training image:  DSC06602.JPG
Skip training image:  DSC06603.JPG
Skip training image:  DSC06604.JPG
Adding image:  DSC06605.JPG
Skip training image:  DSC06606.JPG
Skip training image:  DSC06607.JPG
Skip training image:  DSC06608.JPG
Skip training image:  DSC06609.JPG
Adding image:  DSC06610.JPG
Skip training image:  DSC06611.JPG
Skip training image:  DSC06612.JPG
Skip training image:  DSC06613.JPG
Skip training image:  DSC06614.JPG
Skip training image:  DSC06615.JPG
Adding image:  DSC06616.JPG
Skip training image:  DSC06617.JPG
Adding image:  DSC06618.JPG
Adding image:  DSC06619.JPG
Skip training image:  DSC06620.JPG
Skip training image:  DSC06621.JPG
Skip training image:  DSC06622.JPG
Skip training image:  DSC06623.JPG
Skip training image:  DSC06624.JPG
Skip training image:  DSC06625.JPG
Skip training image:  DSC06626.JPG
Skip training image:  DSC06627.JPG
Skip training image:  DSC06628.JPG
Adding image:  DSC06629.JPG
Skip training image:  DSC06630.JPG
Adding image:  DSC06631.JPG
Skip training image:  DSC06632.JPG
Skip training image:  DSC06633.JPG
Skip training image:  DSC06634.JPG
Skip training image:  DSC06635.JPG
Skip training image:  DSC06636.JPG
Skip training image:  DSC06637.JPG
Skip training image:  DSC06638.JPG
Skip training image:  DSC06639.JPG
Adding image:  DSC06640.JPG
Adding image:  DSC06641.JPG
Adding image:  DSC06642.JPG
Skip training image:  DSC06643.JPG
Skip training image:  DSC06644.JPG
Skip training image:  DSC06645.JPG
Skip training image:  DSC06646.JPG
Skip training image:  DSC06647.JPG
Adding image:  DSC06648.JPG
Adding image:  DSC06649.JPG
Skip training image:  DSC06650.JPG
Skip training image:  DSC06651.JPG
Skip training image:  DSC06652.JPG
Skip training image:  DSC06653.JPG
Skip training image:  DSC06654.JPG
Skip training image:  DSC06655.JPG
Skip training image:  DSC06656.JPG
Skip training image:  DSC06657.JPG
Adding image:  DSC06658.JPG
Skip training image:  DSC06659.JPG
Adding image:  DSC06660.JPG
Adding image:  DSC06661.JPG
Adding image:  DSC06662.JPG
Skip training image:  DSC06663.JPG
Skip training image:  DSC06664.JPG
Skip training image:  DSC06665.JPG
Adding image:  DSC06666.JPG
Skip training image:  DSC06667.JPG
Skip training image:  DSC06668.JPG
Skip training image:  DSC06669.JPG
Skip training image:  DSC06670.JPG
Adding image:  DSC06671.JPG
Skip training image:  DSC06672.JPG
Skip training image:  DSC06673.JPG
Skip training image:  DSC06674.JPG
Adding image:  DSC06675.JPG
Skip training image:  DSC06676.JPG
Skip training image:  DSC06677.JPG
Skip training image:  DSC06678.JPG
Skip training image:  DSC06679.JPG
Adding image:  DSC06680.JPG
Skip training image:  DSC06681.JPG
Skip training image:  DSC06682.JPG
Skip training image:  DSC06683.JPG
Adding image:  DSC06684.JPG
Skip training image:  DSC06685.JPG
Skip training image:  DSC06686.JPG
Skip training image:  DSC06687.JPG
Adding image:  DSC06688.JPG
Skip training image:  DSC06689.JPG
Skip training image:  DSC06690.JPG
Skip training image:  DSC06691.JPG
Skip training image:  DSC06692.JPG
Adding image:  DSC06693.JPG
Skip training image:  DSC06694.JPG
Skip training image:  DSC06695.JPG
Skip training image:  DSC06696.JPG
Skip training image:  DSC06697.JPG
Adding image:  DSC06698.JPG
Skip training image:  DSC06699.JPG
Skip training image:  DSC06700.JPG
Skip training image:  DSC06701.JPG
Adding image:  DSC06702.JPG
Skip training image:  DSC06703.JPG
Adding image:  DSC06704.JPG
Skip training image:  DSC06705.JPG
Skip training image:  DSC06706.JPG
Skip training image:  DSC06707.JPG
Skip training image:  DSC06708.JPG
Skip training image:  DSC06709.JPG
Skip training image:  DSC06710.JPG
Adding image:  DSC06711.JPG
Skip training image:  DSC06712.JPG
Skip training image:  DSC06713.JPG
Skip training image:  DSC06714.JPG
Adding image:  DSC06715.JPG
Skip training image:  DSC06716.JPG
Skip training image:  DSC06717.JPG
Skip training image:  DSC06718.JPG
Skip training image:  DSC06719.JPG
Adding image:  DSC06720.JPG
Skip training image:  DSC06721.JPG
Skip training image:  DSC06722.JPG
Adding image:  DSC06723.JPG
Skip training image:  DSC06724.JPG
Skip training image:  DSC06725.JPG
Skip training image:  DSC06726.JPG
Skip training image:  DSC06727.JPG
Skip training image:  DSC06728.JPG
Skip training image:  DSC06729.JPG
Adding image:  DSC06730.JPG
Skip training image:  DSC06731.JPG
Skip training image:  DSC06732.JPG
Adding image:  DSC06733.JPG
Skip training image:  DSC06734.JPG
Skip training image:  DSC06735.JPG
Skip training image:  DSC06736.JPG
Skip training image:  DSC06737.JPG
Adding image:  DSC06738.JPG
Skip training image:  DSC06739.JPG
Skip training image:  DSC06740.JPG
Skip training image:  DSC06741.JPG
Adding image:  DSC06742.JPG
Adding image:  DSC06743.JPG
Skip training image:  DSC06744.JPG
Skip training image:  DSC06745.JPG
Skip training image:  DSC06746.JPG
Skip training image:  DSC06747.JPG
Skip training image:  DSC06748.JPG
Skip training image:  DSC06749.JPG
Skip training image:  DSC06750.JPG
Adding image:  DSC06751.JPG
Skip training image:  DSC06752.JPG
Skip training image:  DSC06753.JPG
Skip training image:  DSC06754.JPG
Adding image:  DSC06755.JPG
Skip training image:  DSC06756.JPG
Skip training image:  DSC06757.JPG
Skip training image:  DSC06758.JPG
Skip training image:  DSC06759.JPG
Adding image:  DSC06760.JPG
Skip training image:  DSC06761.JPG
Skip training image:  DSC06762.JPG
Skip training image:  DSC06763.JPG
Adding image:  DSC06764.JPG
Skip training image:  DSC06765.JPG
Skip training image:  DSC06766.JPG
Skip training image:  DSC06767.JPG
Skip training image:  DSC06768.JPG
Adding image:  DSC06769.JPG
Skip training image:  DSC06770.JPG
Skip training image:  DSC06771.JPG
Skip training image:  DSC06772.JPG
Adding image:  DSC06773.JPG
Skip training image:  DSC06774.JPG
Skip training image:  DSC06775.JPG
Skip training image:  DSC06776.JPG
Skip training image:  DSC06777.JPG
Adding image:  DSC06778.JPG
Skip training image:  DSC06779.JPG
Skip training image:  DSC06780.JPG
Skip training image:  DSC06781.JPG
Adding image:  DSC06782.JPG
Skip training image:  DSC06783.JPG
Skip training image:  DSC06784.JPG
Skip training image:  DSC06785.JPG
Skip training image:  DSC06786.JPG
Adding image:  DSC06787.JPG
Skip training image:  DSC06788.JPG
Skip training image:  DSC06789.JPG
Skip training image:  DSC06790.JPG
Adding image:  DSC06791.JPG
Skip training image:  DSC06792.JPG
Skip training image:  DSC06793.JPG
Skip training image:  DSC06794.JPG
Adding image:  DSC06795.JPG
Adding image:  DSC06797.JPG
Skip training image:  DSC06798.JPG
Skip training image:  DSC06799.JPG
Skip training image:  DSC06800.JPG
Skip training image:  DSC06801.JPG
Skip training image:  DSC06802.JPG
Adding image:  DSC06803.JPG
Skip training image:  DSC06804.JPG
Skip training image:  DSC06805.JPG
Adding image:  DSC06806.JPG
Skip training image:  DSC06807.JPG
Skip training image:  DSC06808.JPG
Skip training image:  DSC06809.JPG
Skip training image:  DSC06810.JPG
Skip training image:  DSC06811.JPG
Skip training image:  DSC06812.JPG
Adding image:  DSC06813.JPG
Skip training image:  DSC06814.JPG
Skip training image:  DSC06815.JPG
Adding image:  DSC06816.JPG
Skip training image:  DSC06817.JPG
Skip training image:  DSC06818.JPG
Skip training image:  DSC06819.JPG
Skip training image:  DSC06820.JPG
Adding image:  DSC06821.JPG
Skip training image:  DSC06822.JPG
Skip training image:  DSC06823.JPG
Embedding images: 0it [00:00, ?it/s]Embedding images: 1it [07:49, 469.43s/it]Embedding images: 2it [11:36, 327.04s/it]Embedding images: 3it [18:21, 362.55s/it]Embedding images: 4it [23:15, 335.46s/it]Embedding images: 5it [26:45, 290.03s/it]Embedding images: 6it [31:06, 280.29s/it]Embedding images: 7it [34:52, 262.62s/it]Embedding images: 8it [38:26, 247.01s/it]Embedding images: 9it [42:25, 244.65s/it]Embedding images: 10it [50:24, 317.05s/it]Embedding images: 11it [53:58, 285.54s/it]Embedding images: 12it [1:01:19, 332.58s/it]Embedding images: 13it [1:07:21, 341.68s/it]Embedding images: 14it [1:13:57, 358.04s/it]Embedding images: 15it [1:18:29, 332.09s/it]Embedding images: 16it [1:26:42, 380.66s/it]Embedding images: 17it [1:35:36, 426.57s/it]Embedding images: 18it [1:45:36, 478.66s/it]Embedding images: 19it [1:53:02, 469.03s/it]Embedding images: 20it [1:56:11, 384.92s/it]Embedding images: 21it [2:01:09, 358.69s/it]Embedding images: 22it [2:02:16, 271.35s/it]Embedding images: 23it [2:04:28, 229.32s/it]Embedding images: 24it [2:07:04, 207.45s/it]Embedding images: 25it [2:17:56, 340.73s/it]Embedding images: 26it [2:21:25, 301.29s/it]Embedding images: 27it [2:25:24, 282.70s/it]Embedding images: 28it [2:29:32, 272.22s/it]Embedding images: 29it [2:34:01, 271.25s/it]Embedding images: 30it [2:46:11, 408.90s/it]Embedding images: 31it [2:51:58, 390.25s/it]Embedding images: 32it [2:58:58, 399.26s/it]Embedding images: 33it [3:04:49, 384.85s/it]Embedding images: 34it [3:10:02, 363.06s/it]Embedding images: 35it [3:14:23, 332.60s/it]Embedding images: 36it [3:19:13, 319.88s/it]Embedding images: 37it [3:23:46, 305.79s/it]Embedding images: 38it [3:29:02, 308.69s/it]Embedding images: 39it [3:30:51, 248.72s/it]Embedding images: 40it [3:32:37, 206.17s/it]Embedding images: 41it [3:36:18, 210.33s/it]Embedding images: 42it [3:38:10, 181.03s/it]Embedding images: 43it [3:44:50, 246.61s/it]Embedding images: 44it [3:46:53, 209.57s/it]Embedding images: 45it [3:53:15, 261.46s/it]Embedding images: 46it [3:59:45, 299.95s/it]Embedding images: 47it [4:06:21, 328.58s/it]Embedding images: 48it [4:13:45, 363.23s/it]Embedding images: 49it [4:19:20, 354.87s/it]Embedding images: 50it [4:25:35, 360.96s/it]Embedding images: 51it [4:30:32, 341.82s/it]Embedding images: 52it [4:33:43, 296.43s/it]Embedding images: 53it [4:39:36, 313.34s/it]Embedding images: 54it [4:43:04, 281.80s/it]Embedding images: 55it [4:47:31, 277.46s/it]Embedding images: 56it [4:51:42, 269.47s/it]Embedding images: 57it [4:54:17, 235.24s/it]Embedding images: 58it [4:58:18, 236.86s/it]Embedding images: 59it [5:08:11, 343.65s/it]Embedding images: 60it [5:10:25, 280.86s/it]Embedding images: 61it [5:15:55, 295.58s/it]Embedding images: 62it [5:16:50, 223.25s/it]Embedding images: 63it [5:19:41, 207.59s/it]Embedding images: 64it [5:22:34, 197.19s/it]Embedding images: 65it [5:25:20, 187.80s/it]Embedding images: 66it [5:29:48, 212.02s/it]Embedding images: 67it [5:33:29, 214.77s/it]Embedding images: 68it [5:38:51, 246.84s/it]Embedding images: 69it [5:50:28, 382.01s/it]Embedding images: 70it [5:55:16, 353.82s/it]Embedding images: 71it [5:58:58, 314.04s/it]Embedding images: 72it [6:03:01, 292.84s/it]